<?xml version='1.0' encoding='UTF-8'?>
<testsuite hostname="DESKTOP-UQI4RTM" name="vc.RegressionTest" tests="1" errors="0" failures="1" skipped="0" time="1504712.281" timestamp="2026-09-05T11:41:20">
          <properties>
[...]
</properties>
          <testcase classname="vc.RegressionTest" name="" time="1504712.281">
                      <failure message="No Exception or message provided"/>
                    </testcase>
          <system-out><![CDATA[]]></system-out>
          <system-err><![CDATA[]]></system-err>
        </testsuite>